<?xml version="1.0" encoding="UTF-8"?>
<!-- Generated by org.testng.reporters.JUnitReportReporter -->
<testsuite hostname="Anupam-PC" failures="0" tests="1" name="com.testcases.OpenAmazon" time="3.188" errors="0" timestamp="2020-05-25T22:12:33 CDT" skipped="0">
  <testcase classname="com.testcases.OpenAmazon" name="openAmazon" time="3.188"/>
  <system-out/>
</testsuite> <!-- com.testcases.OpenAmazon -->
