<?xml version="1.0" encoding="UTF-8"?>
<!-- Generated by org.testng.reporters.JUnitReportReporter -->
<testsuite hostname="Anupam-PC" failures="0" tests="1" name="com.pages.Base" time="6.963" errors="0" timestamp="2020-05-24T20:24:23 CDT" skipped="0">
  <testcase classname="com.pages.Base" name="initializeDriver" time="6.963"/>
  <system-out/>
</testsuite> <!-- com.pages.Base -->
